{
  "stats": {
    "suites": 1,
    "tests": 7,
    "passes": 7,
    "pending": 0,
    "failures": 0,
    "start": "2025-11-20T12:46:31.791Z",
    "end": "2025-11-20T12:46:59.614Z",
    "duration": 27823,
    "testsRegistered": 7,
    "passPercent": 100,
    "pendingPercent": 0,
    "other": 0,
    "hasOther": false,
    "skipped": 0,
    "hasSkipped": false
  },
  "results": [
    {
      "uuid": "a3b807e6-558e-4aa8-b2c7-abd3d25fd645",
      "title": "",
      "fullFile": "cypress\\e2e\\ui\\banking.cy.js",
      "file": "cypress\\e2e\\ui\\banking.cy.js",
      "beforeHooks": [],
      "afterHooks": [],
      "tests": [],
      "suites": [
        {
          "uuid": "889629be-5003-448f-9cee-f9164d294e5f",
          "title": "ParaBank - Banking Application Tests",
          "fullFile": "",
          "file": "",
          "beforeHooks": [],
          "afterHooks": [],
          "tests": [
            {
              "title": "User can login successfully",
              "fullTitle": "ParaBank - Banking Application Tests User can login successfully",
              "timedOut": null,
              "duration": 5595,
              "state": "passed",
              "speed": "medium",
              "pass": true,
              "fail": false,
              "pending": false,
              "context": null,
              "code": "_LoginPage.default.login(testUser.username, testUser.password);\n_AccountsPage.default.verifyAccountsVisible();\n_AccountsPage.default.elements.welcomeMessage().should('contain', 'Welcome');",
              "err": {},
              "uuid": "2bad7587-cad5-4f1a-b71a-af48e9546c60",
              "parentUUID": "889629be-5003-448f-9cee-f9164d294e5f",
              "isHook": false,
              "skipped": false
            },
            {
              "title": "User cannot login with invalid credentials",
              "fullTitle": "ParaBank - Banking Application Tests User cannot login with invalid credentials",
              "timedOut": null,
              "duration": 3340,
              "state": "passed",
              "speed": "fast",
              "pass": true,
              "fail": false,
              "pending": false,
              "context": null,
              "code": "_LoginPage.default.login('invaliduser', 'wrongpassword');\n// Just verify error appears - don't check specific text\n_LoginPage.default.elements.errorMessage().should('exist');",
              "err": {},
              "uuid": "edf17e79-c29f-4bce-a61f-dbee6e0e0b55",
              "parentUUID": "889629be-5003-448f-9cee-f9164d294e5f",
              "isHook": false,
              "skipped": false
            },
            {
              "title": "Displays account overview after login",
              "fullTitle": "ParaBank - Banking Application Tests Displays account overview after login",
              "timedOut": null,
              "duration": 3455,
              "state": "passed",
              "speed": "fast",
              "pass": true,
              "fail": false,
              "pending": false,
              "context": null,
              "code": "_LoginPage.default.login(testUser.username, testUser.password);\n_AccountsPage.default.verifyAccountsVisible();\n// Verify table has content instead of specific balance selector\ncy.get('#accountTable tbody tr').should('have.length.at.least', 1);",
              "err": {},
              "uuid": "c63fd9cc-c90e-485b-a794-95292a9be4b9",
              "parentUUID": "889629be-5003-448f-9cee-f9164d294e5f",
              "isHook": false,
              "skipped": false
            },
            {
              "title": "User can view account details",
              "fullTitle": "ParaBank - Banking Application Tests User can view account details",
              "timedOut": null,
              "duration": 3584,
              "state": "passed",
              "speed": "fast",
              "pass": true,
              "fail": false,
              "pending": false,
              "context": null,
              "code": "_LoginPage.default.login(testUser.username, testUser.password);\n_AccountsPage.default.verifyAccountsVisible();\n_AccountsPage.default.clickFirstAccount();\ncy.url().should('include', 'activity.htm');\ncy.get('#accountId').should('be.visible');",
              "err": {},
              "uuid": "a916ce97-eb06-4d71-9741-729273ea79f4",
              "parentUUID": "889629be-5003-448f-9cee-f9164d294e5f",
              "isHook": false,
              "skipped": false
            },
            {
              "title": "User can navigate to transfer page",
              "fullTitle": "ParaBank - Banking Application Tests User can navigate to transfer page",
              "timedOut": null,
              "duration": 4358,
              "state": "passed",
              "speed": "fast",
              "pass": true,
              "fail": false,
              "pending": false,
              "context": null,
              "code": "_LoginPage.default.login(testUser.username, testUser.password);\n_TransferPage.default.visit();\n_TransferPage.default.elements.amountInput().should('be.visible');\n_TransferPage.default.elements.transferButton().should('be.visible');",
              "err": {},
              "uuid": "294f857f-0396-4c00-acb2-23c6f8c9047e",
              "parentUUID": "889629be-5003-448f-9cee-f9164d294e5f",
              "isHook": false,
              "skipped": false
            },
            {
              "title": "Cannot transfer with empty amount",
              "fullTitle": "ParaBank - Banking Application Tests Cannot transfer with empty amount",
              "timedOut": null,
              "duration": 3603,
              "state": "passed",
              "speed": "fast",
              "pass": true,
              "fail": false,
              "pending": false,
              "context": null,
              "code": "_LoginPage.default.login(testUser.username, testUser.password);\n_TransferPage.default.visit();\n_TransferPage.default.elements.transferButton().click();\ncy.get('.error').should('be.visible');",
              "err": {},
              "uuid": "1771fb41-ad46-4d11-aa47-5e8e3c07130a",
              "parentUUID": "889629be-5003-448f-9cee-f9164d294e5f",
              "isHook": false,
              "skipped": false
            },
            {
              "title": "User can logout successfully",
              "fullTitle": "ParaBank - Banking Application Tests User can logout successfully",
              "timedOut": null,
              "duration": 3669,
              "state": "passed",
              "speed": "fast",
              "pass": true,
              "fail": false,
              "pending": false,
              "context": null,
              "code": "_LoginPage.default.login(testUser.username, testUser.password);\n_AccountsPage.default.logout();\n_LoginPage.default.elements.loginButton().should('be.visible');",
              "err": {},
              "uuid": "4119d7bb-1d0c-4c57-ab9a-dfa7f9babd5d",
              "parentUUID": "889629be-5003-448f-9cee-f9164d294e5f",
              "isHook": false,
              "skipped": false
            }
          ],
          "suites": [],
          "passes": [
            "2bad7587-cad5-4f1a-b71a-af48e9546c60",
            "edf17e79-c29f-4bce-a61f-dbee6e0e0b55",
            "c63fd9cc-c90e-485b-a794-95292a9be4b9",
            "a916ce97-eb06-4d71-9741-729273ea79f4",
            "294f857f-0396-4c00-acb2-23c6f8c9047e",
            "1771fb41-ad46-4d11-aa47-5e8e3c07130a",
            "4119d7bb-1d0c-4c57-ab9a-dfa7f9babd5d"
          ],
          "failures": [],
          "pending": [],
          "skipped": [],
          "duration": 27604,
          "root": false,
          "rootEmpty": false,
          "_timeout": 2000
        }
      ],
      "passes": [],
      "failures": [],
      "pending": [],
      "skipped": [],
      "duration": 0,
      "root": true,
      "rootEmpty": true,
      "_timeout": 2000
    }
  ],
  "meta": {
    "mocha": {
      "version": "7.2.0"
    },
    "mochawesome": {
      "options": {
        "quiet": false,
        "reportFilename": "mochawesome",
        "saveHtml": true,
        "saveJson": true,
        "consoleReporter": "spec",
        "useInlineDiffs": false,
        "code": true
      },
      "version": "7.1.4"
    },
    "marge": {
      "options": {
        "reportDir": "cypress/reports",
        "overwrite": false,
        "html": true,
        "json": true,
        "charts": true
      },
      "version": "6.3.2"
    }
  }
}